2025-04-18 14:17:20,560: utils.py: INFO: Чтение данных из exel-файла
2025-04-18 14:17:21,440: reports.py: INFO: Определение даты, для подсчета трат по категориям
2025-04-18 14:17:21,444: reports.py: INFO: Поиск дат и подсчет суммы
2025-04-18 14:17:21,444: reports.py: INFO: Создан отчет для категории 'Переводы': 0.0
2025-04-18 14:17:21,445: reports.py: INFO: Поиск дат и подсчет суммы
2025-04-18 14:17:21,445: reports.py: INFO: Создан отчет для категории 'Переводы': 0.0
2025-04-18 14:17:21,449: reports.py: INFO: Поиск дат и подсчет суммы
2025-04-18 14:17:21,449: reports.py: INFO: Создан отчет для категории 'Переводы': 0.0
2025-04-18 14:17:21,450: reports.py: INFO: Поиск дат и подсчет суммы
2025-04-18 14:17:21,451: reports.py: INFO: Создан отчет для категории 'Переводы': 0.0
2025-04-18 14:17:21,452: reports.py: INFO: Поиск дат и подсчет суммы
2025-04-18 14:17:21,452: reports.py: INFO: Создан отчет для категории 'Переводы': 0.0
2025-04-18 14:17:21,454: reports.py: INFO: Поиск дат и подсчет суммы
2025-04-18 14:17:21,454: reports.py: INFO: Создан отчет для категории 'Переводы': 0.0
2025-04-18 14:17:21,455: reports.py: INFO: Поиск дат и подсчет суммы
2025-04-18 14:17:21,456: reports.py: INFO: Создан отчет для категории 'Переводы': 0.0
2025-04-18 14:17:21,457: reports.py: INFO: Поиск дат и подсчет суммы
2025-04-18 14:17:21,458: reports.py: INFO: Создан отчет для категории 'Переводы': 0.0
2025-04-18 14:17:21,459: reports.py: INFO: Поиск дат и подсчет суммы
2025-04-18 14:17:21,459: reports.py: INFO: Создан отчет для категории 'Переводы': 0.0
2025-04-18 14:17:21,460: reports.py: INFO: Поиск дат и подсчет суммы
2025-04-18 14:17:21,460: reports.py: INFO: Создан отчет для категории 'Переводы': 0.0
2025-04-18 14:17:21,462: reports.py: INFO: Поиск дат и подсчет суммы
2025-04-18 14:17:21,462: reports.py: INFO: Создан отчет для категории 'Переводы': 0.0
2025-04-18 14:17:21,465: reports.py: INFO: Поиск дат и подсчет суммы
2025-04-18 14:17:21,465: reports.py: INFO: Создан отчет для категории 'Переводы': 0.0
2025-04-18 14:17:21,467: reports.py: INFO: Поиск дат и подсчет суммы
2025-04-18 14:17:21,467: reports.py: INFO: Создан отчет для категории 'Переводы': 0.0
2025-04-18 14:17:21,470: reports.py: INFO: Поиск дат и подсчет суммы
2025-04-18 14:17:21,471: reports.py: INFO: Создан отчет для категории 'Переводы': 0.0
2025-04-18 14:17:21,478: reports.py: INFO: Поиск дат и подсчет суммы
2025-04-18 14:17:21,478: reports.py: INFO: Создан отчет для категории 'Переводы': 0.0
2025-04-18 14:17:21,480: reports.py: INFO: Поиск дат и подсчет суммы
2025-04-18 14:17:21,480: reports.py: INFO: Создан отчет для категории 'Переводы': 0.0
2025-04-18 14:17:21,481: reports.py: INFO: Поиск дат и подсчет суммы
2025-04-18 14:17:21,481: reports.py: INFO: Создан отчет для категории 'Переводы': 0.0
2025-04-18 14:17:21,482: reports.py: INFO: Поиск дат и подсчет суммы
2025-04-18 14:17:21,482: reports.py: INFO: Создан отчет для категории 'Переводы': 0.0
2025-04-18 14:17:21,483: reports.py: INFO: Поиск дат и подсчет суммы
2025-04-18 14:17:21,483: reports.py: INFO: Создан отчет для категории 'Переводы': 0.0
2025-04-18 14:17:21,487: reports.py: INFO: Поиск дат и подсчет суммы
2025-04-18 14:17:21,487: reports.py: INFO: Создан отчет для категории 'Переводы': 0.0
2025-04-18 14:17:21,490: reports.py: INFO: Поиск дат и подсчет суммы
2025-04-18 14:17:21,490: reports.py: INFO: Создан отчет для категории 'Переводы': 0.0
2025-04-18 14:17:21,496: reports.py: INFO: Поиск дат и подсчет суммы
2025-04-18 14:17:21,496: reports.py: INFO: Создан отчет для категории 'Переводы': 0.0
2025-04-18 14:17:21,501: reports.py: INFO: Поиск дат и подсчет суммы
2025-04-18 14:17:21,501: reports.py: INFO: Создан отчет для категории 'Переводы': 0.0
2025-04-18 14:17:21,502: reports.py: INFO: Поиск дат и подсчет суммы
2025-04-18 14:17:21,502: reports.py: INFO: Создан отчет для категории 'Переводы': 0.0
2025-04-18 14:17:21,507: reports.py: INFO: Поиск дат и подсчет суммы
2025-04-18 14:17:21,507: reports.py: INFO: Создан отчет для категории 'Переводы': 0.0
2025-04-18 14:17:21,508: reports.py: INFO: Поиск дат и подсчет суммы
2025-04-18 14:17:21,508: reports.py: INFO: Создан отчет для категории 'Переводы': 0.0
2025-04-18 14:17:21,512: reports.py: INFO: Поиск дат и подсчет суммы
2025-04-18 14:17:21,512: reports.py: INFO: Создан отчет для категории 'Переводы': 0.0
2025-04-18 14:17:21,518: reports.py: INFO: Поиск дат и подсчет суммы
2025-04-18 14:17:21,518: reports.py: INFO: Создан отчет для категории 'Переводы': 0.0
2025-04-18 14:17:21,522: reports.py: INFO: Поиск дат и подсчет суммы
2025-04-18 14:17:21,522: reports.py: INFO: Создан отчет для категории 'Переводы': 0.0
2025-04-18 14:17:21,523: reports.py: INFO: Поиск дат и подсчет суммы
2025-04-18 14:17:21,523: reports.py: INFO: Создан отчет для категории 'Переводы': 0.0
2025-04-18 14:17:21,525: reports.py: INFO: Поиск дат и подсчет суммы
2025-04-18 14:17:21,525: reports.py: INFO: Создан отчет для категории 'Переводы': 0.0
2025-04-18 14:17:21,529: reports.py: INFO: Поиск дат и подсчет суммы
2025-04-18 14:17:21,529: reports.py: INFO: Создан отчет для категории 'Переводы': 0.0
2025-04-18 14:17:21,530: reports.py: INFO: Поиск дат и подсчет суммы
2025-04-18 14:17:21,530: reports.py: INFO: Создан отчет для категории 'Переводы': 0.0
2025-04-18 14:17:21,532: reports.py: INFO: Поиск дат и подсчет суммы
2025-04-18 14:17:21,532: reports.py: INFO: Создан отчет для категории 'Переводы': 0.0
2025-04-18 14:17:21,533: reports.py: INFO: Поиск дат и подсчет суммы
2025-04-18 14:17:21,533: reports.py: INFO: Создан отчет для категории 'Переводы': 0.0
2025-04-18 14:17:21,543: reports.py: INFO: Поиск дат и подсчет суммы
2025-04-18 14:17:21,543: reports.py: INFO: Создан отчет для категории 'Переводы': 600.0
2025-04-18 14:17:21,545: reports.py: INFO: Поиск дат и подсчет суммы
2025-04-18 14:17:21,545: reports.py: INFO: Создан отчет для категории 'Переводы': 71516.45
2025-04-18 14:17:21,546: reports.py: INFO: Поиск дат и подсчет суммы
2025-04-18 14:17:21,546: reports.py: INFO: Создан отчет для категории 'Переводы': 142432.9
2025-04-18 14:17:21,547: reports.py: INFO: Поиск дат и подсчет суммы
2025-04-18 14:17:21,547: reports.py: INFO: Создан отчет для категории 'Переводы': 142452.9
2025-04-18 14:17:21,549: reports.py: INFO: Поиск дат и подсчет суммы
2025-04-18 14:17:21,549: reports.py: INFO: Создан отчет для категории 'Переводы': 147052.9
2025-04-18 14:17:21,550: reports.py: INFO: Поиск дат и подсчет суммы
2025-04-18 14:17:21,550: reports.py: INFO: Создан отчет для категории 'Переводы': 151652.9
2025-04-18 14:17:21,553: reports.py: INFO: Поиск дат и подсчет суммы
2025-04-18 14:17:21,553: reports.py: INFO: Создан отчет для категории 'Переводы': 152152.9
2025-04-18 14:17:21,556: reports.py: INFO: Поиск дат и подсчет суммы
2025-04-18 14:17:21,557: reports.py: INFO: Создан отчет для категории 'Переводы': 152652.9
2025-04-18 14:17:21,560: reports.py: INFO: Поиск дат и подсчет суммы
2025-04-18 14:17:21,560: reports.py: INFO: Создан отчет для категории 'Переводы': 248752.84
2025-04-18 14:17:21,562: reports.py: INFO: Поиск дат и подсчет суммы
2025-04-18 14:17:21,562: reports.py: INFO: Создан отчет для категории 'Переводы': 344852.78
2025-04-18 14:17:21,563: reports.py: INFO: Поиск дат и подсчет суммы
2025-04-18 14:17:21,563: reports.py: INFO: Создан отчет для категории 'Переводы': 344852.78
2025-04-18 14:17:21,564: reports.py: INFO: Поиск дат и подсчет суммы
2025-04-18 14:17:21,564: reports.py: INFO: Создан отчет для категории 'Переводы': 344852.78
2025-04-18 14:17:21,567: reports.py: INFO: Поиск дат и подсчет суммы
2025-04-18 14:17:21,567: reports.py: INFO: Создан отчет для категории 'Переводы': 345852.78
2025-04-18 14:17:21,571: reports.py: INFO: Поиск дат и подсчет суммы
2025-04-18 14:17:21,571: reports.py: INFO: Создан отчет для категории 'Переводы': 346202.78
2025-04-18 14:17:21,575: reports.py: INFO: Поиск дат и подсчет суммы
2025-04-18 14:17:21,575: reports.py: INFO: Создан отчет для категории 'Переводы': 425362.29000000004
2025-04-18 14:17:21,576: reports.py: INFO: Поиск дат и подсчет суммы
2025-04-18 14:17:21,576: reports.py: INFO: Создан отчет для категории 'Переводы': 504521.80000000005
2025-04-18 14:17:21,585: reports.py: INFO: Поиск дат и подсчет суммы
2025-04-18 14:17:21,585: reports.py: INFO: Создан отчет для категории 'Переводы': 504521.80000000005
2025-04-18 14:17:21,586: reports.py: INFO: Поиск дат и подсчет суммы
2025-04-18 14:17:21,587: reports.py: INFO: Создан отчет для категории 'Переводы': 504521.80000000005
2025-04-18 14:17:21,588: reports.py: INFO: Поиск дат и подсчет суммы
2025-04-18 14:17:21,588: reports.py: INFO: Создан отчет для категории 'Переводы': 504521.80000000005
2025-04-18 14:17:21,590: reports.py: INFO: Поиск дат и подсчет суммы
2025-04-18 14:17:21,590: reports.py: INFO: Создан отчет для категории 'Переводы': 504521.80000000005
2025-04-18 14:17:21,592: reports.py: INFO: Поиск дат и подсчет суммы
2025-04-18 14:17:21,592: reports.py: INFO: Создан отчет для категории 'Переводы': 504521.80000000005
2025-04-18 14:17:21,597: reports.py: INFO: Поиск дат и подсчет суммы
2025-04-18 14:17:21,597: reports.py: INFO: Создан отчет для категории 'Переводы': 504521.80000000005
2025-04-18 14:17:21,598: reports.py: INFO: Поиск дат и подсчет суммы
2025-04-18 14:17:21,598: reports.py: INFO: Создан отчет для категории 'Переводы': 504521.80000000005
2025-04-18 14:17:21,602: reports.py: INFO: Поиск дат и подсчет суммы
2025-04-18 14:17:21,602: reports.py: INFO: Создан отчет для категории 'Переводы': 504521.80000000005
2025-04-18 14:17:21,604: reports.py: INFO: Поиск дат и подсчет суммы
2025-04-18 14:17:21,604: reports.py: INFO: Создан отчет для категории 'Переводы': 504521.80000000005
2025-04-18 14:17:21,607: reports.py: INFO: Поиск дат и подсчет суммы
2025-04-18 14:17:21,607: reports.py: INFO: Создан отчет для категории 'Переводы': 504521.80000000005
2025-04-18 14:17:21,610: reports.py: INFO: Поиск дат и подсчет суммы
2025-04-18 14:17:21,610: reports.py: INFO: Создан отчет для категории 'Переводы': 504521.80000000005
2025-04-18 14:17:21,611: reports.py: INFO: Поиск дат и подсчет суммы
2025-04-18 14:17:21,611: reports.py: INFO: Создан отчет для категории 'Переводы': 504521.80000000005
2025-04-18 14:17:21,619: reports.py: INFO: Поиск дат и подсчет суммы
2025-04-18 14:17:21,619: reports.py: INFO: Создан отчет для категории 'Переводы': 504521.80000000005
2025-04-18 14:17:21,620: reports.py: INFO: Поиск дат и подсчет суммы
2025-04-18 14:17:21,620: reports.py: INFO: Создан отчет для категории 'Переводы': 504521.80000000005
2025-04-18 14:17:21,625: reports.py: INFO: Поиск дат и подсчет суммы
2025-04-18 14:17:21,625: reports.py: INFO: Создан отчет для категории 'Переводы': 504521.80000000005
2025-04-18 14:17:21,633: reports.py: INFO: Поиск дат и подсчет суммы
2025-04-18 14:17:21,633: reports.py: INFO: Создан отчет для категории 'Переводы': 504521.80000000005
2025-04-18 14:17:21,636: reports.py: INFO: Поиск дат и подсчет суммы
2025-04-18 14:17:21,637: reports.py: INFO: Создан отчет для категории 'Переводы': 504521.80000000005
2025-04-18 14:17:21,638: reports.py: INFO: Поиск дат и подсчет суммы
2025-04-18 14:17:21,638: reports.py: INFO: Создан отчет для категории 'Переводы': 504521.80000000005
2025-04-18 14:17:21,640: reports.py: INFO: Поиск дат и подсчет суммы
2025-04-18 14:17:21,640: reports.py: INFO: Создан отчет для категории 'Переводы': 504521.80000000005
2025-04-18 14:17:21,644: reports.py: INFO: Поиск дат и подсчет суммы
2025-04-18 14:17:21,644: reports.py: INFO: Создан отчет для категории 'Переводы': 504521.80000000005
2025-04-18 14:17:21,646: reports.py: INFO: Поиск дат и подсчет суммы
2025-04-18 14:17:21,646: reports.py: INFO: Создан отчет для категории 'Переводы': 504521.80000000005
2025-04-18 14:17:21,649: reports.py: INFO: Поиск дат и подсчет суммы
2025-04-18 14:17:21,649: reports.py: INFO: Создан отчет для категории 'Переводы': 504521.80000000005
2025-04-18 14:17:21,654: reports.py: INFO: Поиск дат и подсчет суммы
2025-04-18 14:17:21,654: reports.py: INFO: Создан отчет для категории 'Переводы': 504521.80000000005
2025-04-18 14:17:21,656: reports.py: INFO: Поиск дат и подсчет суммы
2025-04-18 14:17:21,656: reports.py: INFO: Создан отчет для категории 'Переводы': 504521.80000000005
2025-04-18 14:17:21,659: reports.py: INFO: Поиск дат и подсчет суммы
2025-04-18 14:17:21,659: reports.py: INFO: Создан отчет для категории 'Переводы': 504521.80000000005
2025-04-18 14:17:21,660: reports.py: INFO: Поиск дат и подсчет суммы
2025-04-18 14:17:21,660: reports.py: INFO: Создан отчет для категории 'Переводы': 504521.80000000005
2025-04-18 14:17:21,665: reports.py: INFO: Поиск дат и подсчет суммы
2025-04-18 14:17:21,665: reports.py: INFO: Создан отчет для категории 'Переводы': 504521.80000000005
2025-04-18 14:17:21,673: reports.py: INFO: Поиск дат и подсчет суммы
2025-04-18 14:17:21,673: reports.py: INFO: Создан отчет для категории 'Переводы': 504521.80000000005
2025-04-18 14:17:21,674: reports.py: INFO: Поиск дат и подсчет суммы
2025-04-18 14:17:21,674: reports.py: INFO: Создан отчет для категории 'Переводы': 504521.80000000005
2025-04-18 14:17:21,677: reports.py: INFO: Поиск дат и подсчет суммы
2025-04-18 14:17:21,677: reports.py: INFO: Создан отчет для категории 'Переводы': 504521.80000000005
2025-04-18 14:17:21,680: reports.py: INFO: Поиск дат и подсчет суммы
2025-04-18 14:17:21,681: reports.py: INFO: Создан отчет для категории 'Переводы': 504521.80000000005
2025-04-18 14:17:21,685: reports.py: INFO: Поиск дат и подсчет суммы
2025-04-18 14:17:21,685: reports.py: INFO: Создан отчет для категории 'Переводы': 504521.80000000005
2025-04-18 14:17:21,686: reports.py: INFO: Поиск дат и подсчет суммы
2025-04-18 14:17:21,686: reports.py: INFO: Создан отчет для категории 'Переводы': 504521.80000000005
2025-04-18 14:17:21,695: reports.py: INFO: Поиск дат и подсчет суммы
2025-04-18 14:17:21,695: reports.py: INFO: Создан отчет для категории 'Переводы': 504521.80000000005
2025-04-18 14:17:21,696: reports.py: INFO: Поиск дат и подсчет суммы
2025-04-18 14:17:21,696: reports.py: INFO: Создан отчет для категории 'Переводы': 504521.80000000005
2025-04-18 14:17:21,700: reports.py: INFO: Поиск дат и подсчет суммы
2025-04-18 14:17:21,700: reports.py: INFO: Создан отчет для категории 'Переводы': 504521.80000000005
2025-04-18 14:17:21,702: reports.py: INFO: Поиск дат и подсчет суммы
2025-04-18 14:17:21,702: reports.py: INFO: Создан отчет для категории 'Переводы': 504521.80000000005
2025-04-18 14:17:21,712: reports.py: INFO: Поиск дат и подсчет суммы
2025-04-18 14:17:21,712: reports.py: INFO: Создан отчет для категории 'Переводы': 504521.80000000005
2025-04-18 14:17:21,714: reports.py: INFO: Поиск дат и подсчет суммы
2025-04-18 14:17:21,714: reports.py: INFO: Создан отчет для категории 'Переводы': 504521.80000000005
2025-04-18 14:17:21,715: reports.py: INFO: Поиск дат и подсчет суммы
2025-04-18 14:17:21,715: reports.py: INFO: Создан отчет для категории 'Переводы': 504521.80000000005
2025-04-18 14:17:21,717: reports.py: INFO: Поиск дат и подсчет суммы
2025-04-18 14:17:21,717: reports.py: INFO: Создан отчет для категории 'Переводы': 504521.80000000005
2025-04-18 14:17:21,719: reports.py: INFO: Поиск дат и подсчет суммы
2025-04-18 14:17:21,719: reports.py: INFO: Создан отчет для категории 'Переводы': 504521.80000000005
2025-04-18 14:17:21,720: reports.py: INFO: Поиск дат и подсчет суммы
2025-04-18 14:17:21,720: reports.py: INFO: Создан отчет для категории 'Переводы': 504521.80000000005
2025-04-18 14:17:21,722: reports.py: INFO: Поиск дат и подсчет суммы
2025-04-18 14:17:21,722: reports.py: INFO: Создан отчет для категории 'Переводы': 504521.80000000005
2025-04-18 14:17:21,724: reports.py: INFO: Поиск дат и подсчет суммы
2025-04-18 14:17:21,724: reports.py: INFO: Создан отчет для категории 'Переводы': 504521.80000000005
2025-04-18 14:17:21,728: reports.py: INFO: Поиск дат и подсчет суммы
2025-04-18 14:17:21,728: reports.py: INFO: Создан отчет для категории 'Переводы': 504521.80000000005
2025-04-18 14:17:21,730: reports.py: INFO: Поиск дат и подсчет суммы
2025-04-18 14:17:21,730: reports.py: INFO: Создан отчет для категории 'Переводы': 504521.80000000005
2025-04-18 14:17:21,732: reports.py: INFO: Поиск дат и подсчет суммы
2025-04-18 14:17:21,732: reports.py: INFO: Создан отчет для категории 'Переводы': 504521.80000000005
2025-04-18 14:17:21,733: reports.py: INFO: Поиск дат и подсчет суммы
2025-04-18 14:17:21,733: reports.py: INFO: Создан отчет для категории 'Переводы': 504521.80000000005
2025-04-18 14:17:21,737: reports.py: INFO: Поиск дат и подсчет суммы
2025-04-18 14:17:21,737: reports.py: INFO: Создан отчет для категории 'Переводы': 504521.80000000005
2025-04-18 14:17:21,739: reports.py: INFO: Поиск дат и подсчет суммы
2025-04-18 14:17:21,739: reports.py: INFO: Создан отчет для категории 'Переводы': 504521.80000000005
2025-04-18 14:17:21,740: reports.py: INFO: Поиск дат и подсчет суммы
2025-04-18 14:17:21,740: reports.py: INFO: Создан отчет для категории 'Переводы': 504521.80000000005
2025-04-18 14:17:21,741: reports.py: INFO: Поиск дат и подсчет суммы
2025-04-18 14:17:21,742: reports.py: INFO: Создан отчет для категории 'Переводы': 504521.80000000005
2025-04-18 14:17:21,744: reports.py: INFO: Поиск дат и подсчет суммы
2025-04-18 14:17:21,744: reports.py: INFO: Создан отчет для категории 'Переводы': 504521.80000000005
2025-04-18 14:17:21,749: reports.py: INFO: Поиск дат и подсчет суммы
2025-04-18 14:17:21,749: reports.py: INFO: Создан отчет для категории 'Переводы': 504521.80000000005
2025-04-18 14:17:21,751: reports.py: INFO: Поиск дат и подсчет суммы
2025-04-18 14:17:21,751: reports.py: INFO: Создан отчет для категории 'Переводы': 504521.80000000005
2025-04-18 14:17:21,756: reports.py: INFO: Поиск дат и подсчет суммы
2025-04-18 14:17:21,756: reports.py: INFO: Создан отчет для категории 'Переводы': 504521.80000000005
2025-04-18 14:17:21,757: reports.py: INFO: Поиск дат и подсчет суммы
2025-04-18 14:17:21,758: reports.py: INFO: Создан отчет для категории 'Переводы': 504521.80000000005
2025-04-18 14:17:21,759: reports.py: INFO: Поиск дат и подсчет суммы
2025-04-18 14:17:21,759: reports.py: INFO: Создан отчет для категории 'Переводы': 504521.80000000005
2025-04-18 14:17:21,760: reports.py: INFO: Поиск дат и подсчет суммы
2025-04-18 14:17:21,760: reports.py: INFO: Создан отчет для категории 'Переводы': 504521.80000000005
2025-04-18 14:17:21,762: reports.py: INFO: Поиск дат и подсчет суммы
2025-04-18 14:17:21,762: reports.py: INFO: Создан отчет для категории 'Переводы': 504521.80000000005
2025-04-18 14:17:21,766: reports.py: INFO: Поиск дат и подсчет суммы
2025-04-18 14:17:21,766: reports.py: INFO: Создан отчет для категории 'Переводы': 504521.80000000005
2025-04-18 14:17:21,767: reports.py: INFO: Поиск дат и подсчет суммы
2025-04-18 14:17:21,767: reports.py: INFO: Создан отчет для категории 'Переводы': 504521.80000000005
2025-04-18 14:17:21,770: reports.py: INFO: Поиск дат и подсчет суммы
2025-04-18 14:17:21,770: reports.py: INFO: Создан отчет для категории 'Переводы': 504521.80000000005
2025-04-18 14:17:21,772: reports.py: INFO: Поиск дат и подсчет суммы
2025-04-18 14:17:21,772: reports.py: INFO: Создан отчет для категории 'Переводы': 504521.80000000005
2025-04-18 14:17:21,774: reports.py: INFO: Поиск дат и подсчет суммы
2025-04-18 14:17:21,774: reports.py: INFO: Создан отчет для категории 'Переводы': 504521.80000000005
2025-04-18 14:17:21,775: reports.py: INFO: Поиск дат и подсчет суммы
2025-04-18 14:17:21,775: reports.py: INFO: Создан отчет для категории 'Переводы': 504521.80000000005
2025-04-18 14:17:21,777: reports.py: INFO: Поиск дат и подсчет суммы
2025-04-18 14:17:21,777: reports.py: INFO: Создан отчет для категории 'Переводы': 504521.80000000005
2025-04-18 14:17:21,780: reports.py: INFO: Поиск дат и подсчет суммы
2025-04-18 14:17:21,780: reports.py: INFO: Создан отчет для категории 'Переводы': 504521.80000000005
2025-04-18 14:17:21,783: reports.py: INFO: Поиск дат и подсчет суммы
2025-04-18 14:17:21,783: reports.py: INFO: Создан отчет для категории 'Переводы': 504521.80000000005
2025-04-18 14:17:21,785: reports.py: INFO: Поиск дат и подсчет суммы
2025-04-18 14:17:21,785: reports.py: INFO: Создан отчет для категории 'Переводы': 504521.80000000005
2025-04-18 14:17:21,787: reports.py: INFO: Поиск дат и подсчет суммы
2025-04-18 14:17:21,788: reports.py: INFO: Создан отчет для категории 'Переводы': 504521.80000000005
2025-04-18 14:17:21,789: reports.py: INFO: Поиск дат и подсчет суммы
2025-04-18 14:17:21,789: reports.py: INFO: Создан отчет для категории 'Переводы': 504521.80000000005
2025-04-18 14:17:21,791: reports.py: INFO: Поиск дат и подсчет суммы
2025-04-18 14:17:21,791: reports.py: INFO: Создан отчет для категории 'Переводы': 504521.80000000005
2025-04-18 14:17:21,792: reports.py: INFO: Поиск дат и подсчет суммы
2025-04-18 14:17:21,793: reports.py: INFO: Создан отчет для категории 'Переводы': 504521.80000000005
2025-04-18 14:17:21,794: reports.py: INFO: Поиск дат и подсчет суммы
2025-04-18 14:17:21,794: reports.py: INFO: Создан отчет для категории 'Переводы': 504521.80000000005
2025-04-18 14:17:21,795: reports.py: INFO: Поиск дат и подсчет суммы
2025-04-18 14:17:21,795: reports.py: INFO: Создан отчет для категории 'Переводы': 504521.80000000005
2025-04-18 14:17:21,797: reports.py: INFO: Поиск дат и подсчет суммы
2025-04-18 14:17:21,797: reports.py: INFO: Создан отчет для категории 'Переводы': 504521.80000000005
2025-04-18 14:17:21,798: reports.py: INFO: Поиск дат и подсчет суммы
2025-04-18 14:17:21,798: reports.py: INFO: Создан отчет для категории 'Переводы': 504521.80000000005
2025-04-18 14:17:21,800: reports.py: INFO: Поиск дат и подсчет суммы
2025-04-18 14:17:21,800: reports.py: INFO: Создан отчет для категории 'Переводы': 504521.80000000005
2025-04-18 14:17:21,805: reports.py: INFO: Поиск дат и подсчет суммы
2025-04-18 14:17:21,806: reports.py: INFO: Создан отчет для категории 'Переводы': 504521.80000000005
2025-04-18 14:17:21,808: reports.py: INFO: Поиск дат и подсчет суммы
2025-04-18 14:17:21,808: reports.py: INFO: Создан отчет для категории 'Переводы': 504521.80000000005
2025-04-18 14:17:21,811: reports.py: INFO: Поиск дат и подсчет суммы
2025-04-18 14:17:21,812: reports.py: INFO: Создан отчет для категории 'Переводы': 504521.80000000005
2025-04-18 14:17:21,813: reports.py: INFO: Поиск дат и подсчет суммы
2025-04-18 14:17:21,813: reports.py: INFO: Создан отчет для категории 'Переводы': 504521.80000000005
2025-04-18 14:17:21,814: reports.py: INFO: Поиск дат и подсчет суммы
2025-04-18 14:17:21,814: reports.py: INFO: Создан отчет для категории 'Переводы': 504521.80000000005
2025-04-18 14:17:21,821: reports.py: INFO: Поиск дат и подсчет суммы
2025-04-18 14:17:21,821: reports.py: INFO: Создан отчет для категории 'Переводы': 504521.80000000005
2025-04-18 14:17:21,822: reports.py: INFO: Поиск дат и подсчет суммы
2025-04-18 14:17:21,822: reports.py: INFO: Создан отчет для категории 'Переводы': 504521.80000000005
2025-04-18 14:17:21,826: reports.py: INFO: Поиск дат и подсчет суммы
2025-04-18 14:17:21,826: reports.py: INFO: Создан отчет для категории 'Переводы': 504521.80000000005
2025-04-18 14:17:21,831: reports.py: INFO: Поиск дат и подсчет суммы
2025-04-18 14:17:21,831: reports.py: INFO: Создан отчет для категории 'Переводы': 504521.80000000005
2025-04-18 14:17:21,833: reports.py: INFO: Поиск дат и подсчет суммы
2025-04-18 14:17:21,833: reports.py: INFO: Создан отчет для категории 'Переводы': 504521.80000000005
2025-04-18 14:17:21,835: reports.py: INFO: Поиск дат и подсчет суммы
2025-04-18 14:17:21,835: reports.py: INFO: Создан отчет для категории 'Переводы': 504521.80000000005
2025-04-18 14:17:21,841: reports.py: INFO: Поиск дат и подсчет суммы
2025-04-18 14:17:21,841: reports.py: INFO: Создан отчет для категории 'Переводы': 504521.80000000005
2025-04-18 14:17:21,848: reports.py: INFO: Поиск дат и подсчет суммы
2025-04-18 14:17:21,848: reports.py: INFO: Создан отчет для категории 'Переводы': 504521.80000000005
2025-04-18 14:17:21,849: reports.py: INFO: Поиск дат и подсчет суммы
2025-04-18 14:17:21,849: reports.py: INFO: Создан отчет для категории 'Переводы': 504521.80000000005
2025-04-18 14:17:21,852: reports.py: INFO: Поиск дат и подсчет суммы
2025-04-18 14:17:21,852: reports.py: INFO: Создан отчет для категории 'Переводы': 504521.80000000005
2025-04-18 14:17:21,857: reports.py: INFO: Поиск дат и подсчет суммы
2025-04-18 14:17:21,857: reports.py: INFO: Создан отчет для категории 'Переводы': 504521.80000000005
2025-04-18 14:17:21,861: reports.py: INFO: Поиск дат и подсчет суммы
2025-04-18 14:17:21,861: reports.py: INFO: Создан отчет для категории 'Переводы': 504521.80000000005
2025-04-18 14:17:21,863: reports.py: INFO: Поиск дат и подсчет суммы
2025-04-18 14:17:21,863: reports.py: INFO: Создан отчет для категории 'Переводы': 504521.80000000005
2025-04-18 14:17:21,867: reports.py: INFO: Поиск дат и подсчет суммы
2025-04-18 14:17:21,867: reports.py: INFO: Создан отчет для категории 'Переводы': 504521.80000000005
2025-04-18 14:17:21,869: reports.py: INFO: Поиск дат и подсчет суммы
2025-04-18 14:17:21,869: reports.py: INFO: Создан отчет для категории 'Переводы': 504521.80000000005
2025-04-18 14:17:21,872: reports.py: INFO: Поиск дат и подсчет суммы
2025-04-18 14:17:21,872: reports.py: INFO: Создан отчет для категории 'Переводы': 504521.80000000005
2025-04-18 14:17:21,875: reports.py: INFO: Поиск дат и подсчет суммы
2025-04-18 14:17:21,875: reports.py: INFO: Создан отчет для категории 'Переводы': 504521.80000000005
2025-04-18 14:17:21,878: reports.py: INFO: Поиск дат и подсчет суммы
2025-04-18 14:17:21,878: reports.py: INFO: Создан отчет для категории 'Переводы': 504521.80000000005
2025-04-18 14:17:21,880: reports.py: INFO: Поиск дат и подсчет суммы
2025-04-18 14:17:21,880: reports.py: INFO: Создан отчет для категории 'Переводы': 504521.80000000005
2025-04-18 14:17:21,881: reports.py: INFO: Поиск дат и подсчет суммы
2025-04-18 14:17:21,881: reports.py: INFO: Создан отчет для категории 'Переводы': 504521.80000000005
2025-04-18 14:17:21,883: reports.py: INFO: Поиск дат и подсчет суммы
2025-04-18 14:17:21,883: reports.py: INFO: Создан отчет для категории 'Переводы': 504521.80000000005
2025-04-18 14:17:21,884: reports.py: INFO: Поиск дат и подсчет суммы
2025-04-18 14:17:21,884: reports.py: INFO: Создан отчет для категории 'Переводы': 504521.80000000005
2025-04-18 14:17:21,891: reports.py: INFO: Поиск дат и подсчет суммы
2025-04-18 14:17:21,891: reports.py: INFO: Создан отчет для категории 'Переводы': 504521.80000000005
2025-04-18 14:17:21,897: reports.py: INFO: Поиск дат и подсчет суммы
2025-04-18 14:17:21,897: reports.py: INFO: Создан отчет для категории 'Переводы': 504521.80000000005
2025-04-18 14:17:21,898: reports.py: INFO: Поиск дат и подсчет суммы
2025-04-18 14:17:21,898: reports.py: INFO: Создан отчет для категории 'Переводы': 504521.80000000005
2025-04-18 14:17:21,900: reports.py: INFO: Поиск дат и подсчет суммы
2025-04-18 14:17:21,900: reports.py: INFO: Создан отчет для категории 'Переводы': 504521.80000000005
2025-04-18 14:17:21,906: reports.py: INFO: Поиск дат и подсчет суммы
2025-04-18 14:17:21,906: reports.py: INFO: Создан отчет для категории 'Переводы': 504521.80000000005
2025-04-18 14:17:21,908: reports.py: INFO: Поиск дат и подсчет суммы
2025-04-18 14:17:21,908: reports.py: INFO: Создан отчет для категории 'Переводы': 504521.80000000005
2025-04-18 14:17:21,916: reports.py: INFO: Поиск дат и подсчет суммы
2025-04-18 14:17:21,916: reports.py: INFO: Создан отчет для категории 'Переводы': 504521.80000000005
2025-04-18 14:17:21,918: reports.py: INFO: Поиск дат и подсчет суммы
2025-04-18 14:17:21,918: reports.py: INFO: Создан отчет для категории 'Переводы': 504521.80000000005
2025-04-18 14:17:21,921: reports.py: INFO: Поиск дат и подсчет суммы
2025-04-18 14:17:21,921: reports.py: INFO: Создан отчет для категории 'Переводы': 504521.80000000005
2025-04-18 14:17:21,922: reports.py: INFO: Поиск дат и подсчет суммы
2025-04-18 14:17:21,922: reports.py: INFO: Создан отчет для категории 'Переводы': 504521.80000000005
2025-04-18 14:17:21,927: reports.py: INFO: Поиск дат и подсчет суммы
2025-04-18 14:17:21,927: reports.py: INFO: Создан отчет для категории 'Переводы': 504521.80000000005
2025-04-18 14:17:21,929: reports.py: INFO: Поиск дат и подсчет суммы
2025-04-18 14:17:21,929: reports.py: INFO: Создан отчет для категории 'Переводы': 504521.80000000005
2025-04-18 14:17:21,930: reports.py: INFO: Поиск дат и подсчет суммы
2025-04-18 14:17:21,930: reports.py: INFO: Создан отчет для категории 'Переводы': 504521.80000000005
2025-04-18 14:17:21,932: reports.py: INFO: Поиск дат и подсчет суммы
2025-04-18 14:17:21,932: reports.py: INFO: Создан отчет для категории 'Переводы': 504521.80000000005
2025-04-18 14:17:21,936: reports.py: INFO: Поиск дат и подсчет суммы
2025-04-18 14:17:21,936: reports.py: INFO: Создан отчет для категории 'Переводы': 504521.80000000005
2025-04-18 14:17:21,938: reports.py: INFO: Поиск дат и подсчет суммы
2025-04-18 14:17:21,938: reports.py: INFO: Создан отчет для категории 'Переводы': 504521.80000000005
2025-04-18 14:17:21,940: reports.py: INFO: Поиск дат и подсчет суммы
2025-04-18 14:17:21,940: reports.py: INFO: Создан отчет для категории 'Переводы': 504521.80000000005
2025-04-18 14:17:21,941: reports.py: INFO: Поиск дат и подсчет суммы
2025-04-18 14:17:21,942: reports.py: INFO: Создан отчет для категории 'Переводы': 504521.80000000005
2025-04-18 14:17:21,943: reports.py: INFO: Поиск дат и подсчет суммы
2025-04-18 14:17:21,943: reports.py: INFO: Создан отчет для категории 'Переводы': 504521.80000000005
2025-04-18 14:17:21,946: reports.py: INFO: Поиск дат и подсчет суммы
2025-04-18 14:17:21,946: reports.py: INFO: Создан отчет для категории 'Переводы': 504521.80000000005
2025-04-18 14:17:21,949: reports.py: INFO: Поиск дат и подсчет суммы
2025-04-18 14:17:21,949: reports.py: INFO: Создан отчет для категории 'Переводы': 504521.80000000005
2025-04-18 14:17:21,950: reports.py: INFO: Поиск дат и подсчет суммы
2025-04-18 14:17:21,950: reports.py: INFO: Создан отчет для категории 'Переводы': 504521.80000000005
2025-04-18 14:17:21,951: reports.py: INFO: Поиск дат и подсчет суммы
2025-04-18 14:17:21,951: reports.py: INFO: Создан отчет для категории 'Переводы': 504521.80000000005
2025-04-18 14:17:21,953: reports.py: INFO: Поиск дат и подсчет суммы
2025-04-18 14:17:21,953: reports.py: INFO: Создан отчет для категории 'Переводы': 504521.80000000005
2025-04-18 14:17:21,955: reports.py: INFO: Поиск дат и подсчет суммы
2025-04-18 14:17:21,955: reports.py: INFO: Создан отчет для категории 'Переводы': 504521.80000000005
2025-04-18 14:17:21,958: reports.py: INFO: Поиск дат и подсчет суммы
2025-04-18 14:17:21,959: reports.py: INFO: Создан отчет для категории 'Переводы': 504521.80000000005
2025-04-18 14:17:21,960: reports.py: INFO: Поиск дат и подсчет суммы
2025-04-18 14:17:21,960: reports.py: INFO: Создан отчет для категории 'Переводы': 504521.80000000005
2025-04-18 14:17:21,962: reports.py: INFO: Поиск дат и подсчет суммы
2025-04-18 14:17:21,962: reports.py: INFO: Создан отчет для категории 'Переводы': 504521.80000000005
2025-04-18 14:17:21,965: reports.py: INFO: Поиск дат и подсчет суммы
2025-04-18 14:17:21,965: reports.py: INFO: Создан отчет для категории 'Переводы': 504521.80000000005
2025-04-18 14:17:21,968: reports.py: INFO: Поиск дат и подсчет суммы
2025-04-18 14:17:21,968: reports.py: INFO: Создан отчет для категории 'Переводы': 504521.80000000005
2025-04-18 14:17:21,970: reports.py: INFO: Поиск дат и подсчет суммы
2025-04-18 14:17:21,970: reports.py: INFO: Создан отчет для категории 'Переводы': 504521.80000000005
2025-04-18 14:17:21,974: reports.py: INFO: Поиск дат и подсчет суммы
2025-04-18 14:17:21,974: reports.py: INFO: Создан отчет для категории 'Переводы': 504521.80000000005
2025-04-18 14:17:21,975: reports.py: INFO: Поиск дат и подсчет суммы
2025-04-18 14:17:21,976: reports.py: INFO: Создан отчет для категории 'Переводы': 504521.80000000005
2025-04-18 14:17:21,977: reports.py: INFO: Поиск дат и подсчет суммы
2025-04-18 14:17:21,977: reports.py: INFO: Создан отчет для категории 'Переводы': 504521.80000000005
2025-04-18 14:17:21,979: reports.py: INFO: Поиск дат и подсчет суммы
2025-04-18 14:17:21,979: reports.py: INFO: Создан отчет для категории 'Переводы': 504521.80000000005
2025-04-18 14:17:21,980: reports.py: INFO: Поиск дат и подсчет суммы
2025-04-18 14:17:21,980: reports.py: INFO: Создан отчет для категории 'Переводы': 504521.80000000005
2025-04-18 14:17:21,985: reports.py: INFO: Поиск дат и подсчет суммы
2025-04-18 14:17:21,985: reports.py: INFO: Создан отчет для категории 'Переводы': 504521.80000000005
2025-04-18 14:17:21,987: reports.py: INFO: Поиск дат и подсчет суммы
2025-04-18 14:17:21,987: reports.py: INFO: Создан отчет для категории 'Переводы': 504521.80000000005
2025-04-18 14:17:21,989: reports.py: INFO: Поиск дат и подсчет суммы
2025-04-18 14:17:21,989: reports.py: INFO: Создан отчет для категории 'Переводы': 504521.80000000005
2025-04-18 14:17:21,994: reports.py: INFO: Поиск дат и подсчет суммы
2025-04-18 14:17:21,994: reports.py: INFO: Создан отчет для категории 'Переводы': 504521.80000000005
2025-04-18 14:17:21,995: reports.py: INFO: Поиск дат и подсчет суммы
2025-04-18 14:17:21,995: reports.py: INFO: Создан отчет для категории 'Переводы': 504521.80000000005
2025-04-18 14:17:21,999: reports.py: INFO: Поиск дат и подсчет суммы
2025-04-18 14:17:21,999: reports.py: INFO: Создан отчет для категории 'Переводы': 504521.80000000005
2025-04-18 14:17:22,007: reports.py: INFO: Поиск дат и подсчет суммы
2025-04-18 14:17:22,007: reports.py: INFO: Создан отчет для категории 'Переводы': 504521.80000000005
2025-04-18 14:17:22,009: reports.py: INFO: Поиск дат и подсчет суммы
2025-04-18 14:17:22,009: reports.py: INFO: Создан отчет для категории 'Переводы': 504521.80000000005
2025-04-18 14:17:22,011: reports.py: INFO: Поиск дат и подсчет суммы
2025-04-18 14:17:22,011: reports.py: INFO: Создан отчет для категории 'Переводы': 504521.80000000005
2025-04-18 14:17:22,013: reports.py: INFO: Поиск дат и подсчет суммы
2025-04-18 14:17:22,013: reports.py: INFO: Создан отчет для категории 'Переводы': 504521.80000000005
2025-04-18 14:17:22,015: reports.py: INFO: Поиск дат и подсчет суммы
2025-04-18 14:17:22,015: reports.py: INFO: Создан отчет для категории 'Переводы': 504521.80000000005
2025-04-18 14:17:22,018: reports.py: INFO: Поиск дат и подсчет суммы
2025-04-18 14:17:22,018: reports.py: INFO: Создан отчет для категории 'Переводы': 504521.80000000005
2025-04-18 14:17:22,019: reports.py: INFO: Поиск дат и подсчет суммы
2025-04-18 14:17:22,019: reports.py: INFO: Создан отчет для категории 'Переводы': 504521.80000000005
2025-04-18 14:17:22,021: reports.py: INFO: Поиск дат и подсчет суммы
2025-04-18 14:17:22,021: reports.py: INFO: Создан отчет для категории 'Переводы': 504521.80000000005
2025-04-18 14:17:22,022: reports.py: INFO: Поиск дат и подсчет суммы
2025-04-18 14:17:22,023: reports.py: INFO: Создан отчет для категории 'Переводы': 504521.80000000005
2025-04-18 14:17:22,026: reports.py: INFO: Поиск дат и подсчет суммы
2025-04-18 14:17:22,026: reports.py: INFO: Создан отчет для категории 'Переводы': 504521.80000000005
2025-04-18 14:17:22,028: reports.py: INFO: Поиск дат и подсчет суммы
2025-04-18 14:17:22,028: reports.py: INFO: Создан отчет для категории 'Переводы': 504521.80000000005
2025-04-18 14:17:22,035: reports.py: INFO: Поиск дат и подсчет суммы
2025-04-18 14:17:22,035: reports.py: INFO: Создан отчет для категории 'Переводы': 504521.80000000005
2025-04-18 14:17:22,041: reports.py: INFO: Поиск дат и подсчет суммы
2025-04-18 14:17:22,041: reports.py: INFO: Создан отчет для категории 'Переводы': 504521.80000000005
2025-04-18 14:17:22,043: reports.py: INFO: Поиск дат и подсчет суммы
2025-04-18 14:17:22,043: reports.py: INFO: Создан отчет для категории 'Переводы': 504521.80000000005
2025-04-18 14:17:22,044: reports.py: INFO: Поиск дат и подсчет суммы
2025-04-18 14:17:22,044: reports.py: INFO: Создан отчет для категории 'Переводы': 504521.80000000005
2025-04-18 14:17:22,049: reports.py: INFO: Поиск дат и подсчет суммы
2025-04-18 14:17:22,049: reports.py: INFO: Создан отчет для категории 'Переводы': 504521.80000000005
2025-04-18 14:17:22,052: reports.py: INFO: Поиск дат и подсчет суммы
2025-04-18 14:17:22,052: reports.py: INFO: Создан отчет для категории 'Переводы': 504521.80000000005
2025-04-18 14:17:22,054: reports.py: INFO: Поиск дат и подсчет суммы
2025-04-18 14:17:22,054: reports.py: INFO: Создан отчет для категории 'Переводы': 504521.80000000005
2025-04-18 14:17:22,055: reports.py: INFO: Поиск дат и подсчет суммы
2025-04-18 14:17:22,055: reports.py: INFO: Создан отчет для категории 'Переводы': 504521.80000000005
2025-04-18 14:17:22,057: reports.py: INFO: Поиск дат и подсчет суммы
2025-04-18 14:17:22,057: reports.py: INFO: Создан отчет для категории 'Переводы': 504521.80000000005
2025-04-18 14:17:22,058: reports.py: INFO: Поиск дат и подсчет суммы
2025-04-18 14:17:22,058: reports.py: INFO: Создан отчет для категории 'Переводы': 504521.80000000005
2025-04-18 14:17:22,060: reports.py: INFO: Поиск дат и подсчет суммы
2025-04-18 14:17:22,060: reports.py: INFO: Создан отчет для категории 'Переводы': 504521.80000000005
2025-04-18 14:17:22,064: reports.py: INFO: Поиск дат и подсчет суммы
2025-04-18 14:17:22,064: reports.py: INFO: Создан отчет для категории 'Переводы': 504521.80000000005
2025-04-18 14:17:22,066: reports.py: INFO: Поиск дат и подсчет суммы
2025-04-18 14:17:22,066: reports.py: INFO: Создан отчет для категории 'Переводы': 504521.80000000005
2025-04-18 14:17:22,067: reports.py: INFO: Поиск дат и подсчет суммы
2025-04-18 14:17:22,067: reports.py: INFO: Создан отчет для категории 'Переводы': 504521.80000000005
2025-04-18 14:17:22,069: reports.py: INFO: Поиск дат и подсчет суммы
2025-04-18 14:17:22,069: reports.py: INFO: Создан отчет для категории 'Переводы': 504521.80000000005
2025-04-18 14:17:22,070: reports.py: INFO: Поиск дат и подсчет суммы
2025-04-18 14:17:22,070: reports.py: INFO: Создан отчет для категории 'Переводы': 504521.80000000005
2025-04-18 14:17:22,072: reports.py: INFO: Поиск дат и подсчет суммы
2025-04-18 14:17:22,072: reports.py: INFO: Создан отчет для категории 'Переводы': 504521.80000000005
2025-04-18 14:17:22,076: reports.py: INFO: Поиск дат и подсчет суммы
2025-04-18 14:17:22,076: reports.py: INFO: Создан отчет для категории 'Переводы': 504521.80000000005
2025-04-18 14:17:22,079: reports.py: INFO: Поиск дат и подсчет суммы
2025-04-18 14:17:22,079: reports.py: INFO: Создан отчет для категории 'Переводы': 504521.80000000005
2025-04-18 14:17:22,081: reports.py: INFO: Поиск дат и подсчет суммы
2025-04-18 14:17:22,081: reports.py: INFO: Создан отчет для категории 'Переводы': 504521.80000000005
2025-04-18 14:17:22,082: reports.py: INFO: Поиск дат и подсчет суммы
2025-04-18 14:17:22,082: reports.py: INFO: Создан отчет для категории 'Переводы': 504521.80000000005
2025-04-18 14:17:22,084: reports.py: INFO: Поиск дат и подсчет суммы
2025-04-18 14:17:22,084: reports.py: INFO: Создан отчет для категории 'Переводы': 504521.80000000005
2025-04-18 14:17:22,089: reports.py: INFO: Поиск дат и подсчет суммы
2025-04-18 14:17:22,089: reports.py: INFO: Создан отчет для категории 'Переводы': 504521.80000000005
2025-04-18 14:17:22,094: reports.py: INFO: Поиск дат и подсчет суммы
2025-04-18 14:17:22,094: reports.py: INFO: Создан отчет для категории 'Переводы': 504521.80000000005
2025-04-18 14:17:22,095: reports.py: INFO: Поиск дат и подсчет суммы
2025-04-18 14:17:22,095: reports.py: INFO: Создан отчет для категории 'Переводы': 504521.80000000005
2025-04-18 14:17:22,097: reports.py: INFO: Поиск дат и подсчет суммы
2025-04-18 14:17:22,097: reports.py: INFO: Создан отчет для категории 'Переводы': 504521.80000000005
2025-04-18 14:17:22,101: reports.py: INFO: Поиск дат и подсчет суммы
2025-04-18 14:17:22,101: reports.py: INFO: Создан отчет для категории 'Переводы': 504521.80000000005
2025-04-18 14:17:22,103: reports.py: INFO: Поиск дат и подсчет суммы
2025-04-18 14:17:22,103: reports.py: INFO: Создан отчет для категории 'Переводы': 504521.80000000005
2025-04-18 14:17:22,109: reports.py: INFO: Поиск дат и подсчет суммы
2025-04-18 14:17:22,109: reports.py: INFO: Создан отчет для категории 'Переводы': 504521.80000000005
2025-04-18 14:17:22,111: reports.py: INFO: Поиск дат и подсчет суммы
2025-04-18 14:17:22,111: reports.py: INFO: Создан отчет для категории 'Переводы': 504521.80000000005
2025-04-18 14:17:22,113: reports.py: INFO: Поиск дат и подсчет суммы
2025-04-18 14:17:22,113: reports.py: INFO: Создан отчет для категории 'Переводы': 504521.80000000005
2025-04-18 14:17:22,114: reports.py: INFO: Поиск дат и подсчет суммы
2025-04-18 14:17:22,114: reports.py: INFO: Создан отчет для категории 'Переводы': 504521.80000000005
2025-04-18 14:17:22,116: reports.py: INFO: Поиск дат и подсчет суммы
2025-04-18 14:17:22,116: reports.py: INFO: Создан отчет для категории 'Переводы': 504521.80000000005
2025-04-18 14:17:22,117: reports.py: INFO: Поиск дат и подсчет суммы
2025-04-18 14:17:22,118: reports.py: INFO: Создан отчет для категории 'Переводы': 504521.80000000005
2025-04-18 14:17:22,119: reports.py: INFO: Поиск дат и подсчет суммы
2025-04-18 14:17:22,119: reports.py: INFO: Создан отчет для категории 'Переводы': 504521.80000000005
2025-04-18 14:17:22,120: reports.py: INFO: Поиск дат и подсчет суммы
2025-04-18 14:17:22,120: reports.py: INFO: Создан отчет для категории 'Переводы': 504521.80000000005
2025-04-18 14:17:22,122: reports.py: INFO: Поиск дат и подсчет суммы
2025-04-18 14:17:22,122: reports.py: INFO: Создан отчет для категории 'Переводы': 504521.80000000005
2025-04-18 14:17:22,124: reports.py: INFO: Поиск дат и подсчет суммы
2025-04-18 14:17:22,124: reports.py: INFO: Создан отчет для категории 'Переводы': 504521.80000000005
2025-04-18 14:17:22,125: reports.py: INFO: Поиск дат и подсчет суммы
2025-04-18 14:17:22,125: reports.py: INFO: Создан отчет для категории 'Переводы': 504521.80000000005
2025-04-18 14:17:22,126: reports.py: INFO: Поиск дат и подсчет суммы
2025-04-18 14:17:22,126: reports.py: INFO: Создан отчет для категории 'Переводы': 504521.80000000005
2025-04-18 14:17:22,129: reports.py: INFO: Поиск дат и подсчет суммы
2025-04-18 14:17:22,129: reports.py: INFO: Создан отчет для категории 'Переводы': 504521.80000000005
2025-04-18 14:17:22,131: reports.py: INFO: Поиск дат и подсчет суммы
2025-04-18 14:17:22,131: reports.py: INFO: Создан отчет для категории 'Переводы': 504521.80000000005
2025-04-18 14:17:22,133: reports.py: INFO: Поиск дат и подсчет суммы
2025-04-18 14:17:22,133: reports.py: INFO: Создан отчет для категории 'Переводы': 504521.80000000005
2025-04-18 14:17:22,135: reports.py: INFO: Поиск дат и подсчет суммы
2025-04-18 14:17:22,135: reports.py: INFO: Создан отчет для категории 'Переводы': 504521.80000000005
2025-04-18 14:17:22,138: reports.py: INFO: Поиск дат и подсчет суммы
2025-04-18 14:17:22,138: reports.py: INFO: Создан отчет для категории 'Переводы': 504521.80000000005
2025-04-18 14:17:22,141: reports.py: INFO: Поиск дат и подсчет суммы
2025-04-18 14:17:22,141: reports.py: INFO: Создан отчет для категории 'Переводы': 504521.80000000005
2025-04-18 14:17:22,143: reports.py: INFO: Поиск дат и подсчет суммы
2025-04-18 14:17:22,143: reports.py: INFO: Создан отчет для категории 'Переводы': 504521.80000000005
2025-04-18 14:17:22,146: reports.py: INFO: Поиск дат и подсчет суммы
2025-04-18 14:17:22,146: reports.py: INFO: Создан отчет для категории 'Переводы': 504521.80000000005
2025-04-18 14:17:22,148: reports.py: INFO: Поиск дат и подсчет суммы
2025-04-18 14:17:22,148: reports.py: INFO: Создан отчет для категории 'Переводы': 504521.80000000005
2025-04-18 14:17:22,150: reports.py: INFO: Поиск дат и подсчет суммы
2025-04-18 14:17:22,150: reports.py: INFO: Создан отчет для категории 'Переводы': 504521.80000000005
2025-04-18 14:17:22,152: reports.py: INFO: Поиск дат и подсчет суммы
2025-04-18 14:17:22,152: reports.py: INFO: Создан отчет для категории 'Переводы': 504521.80000000005
2025-04-18 14:17:22,153: reports.py: INFO: Поиск дат и подсчет суммы
2025-04-18 14:17:22,153: reports.py: INFO: Создан отчет для категории 'Переводы': 504521.80000000005
2025-04-18 14:17:22,157: reports.py: INFO: Поиск дат и подсчет суммы
2025-04-18 14:17:22,157: reports.py: INFO: Создан отчет для категории 'Переводы': 504521.80000000005
2025-04-18 14:17:22,158: reports.py: INFO: Поиск дат и подсчет суммы
2025-04-18 14:17:22,158: reports.py: INFO: Создан отчет для категории 'Переводы': 504521.80000000005
2025-04-18 14:17:22,160: reports.py: INFO: Поиск дат и подсчет суммы
2025-04-18 14:17:22,160: reports.py: INFO: Создан отчет для категории 'Переводы': 504521.80000000005
2025-04-18 14:17:22,161: reports.py: INFO: Поиск дат и подсчет суммы
2025-04-18 14:17:22,161: reports.py: INFO: Создан отчет для категории 'Переводы': 504521.80000000005
2025-04-18 14:17:22,163: reports.py: INFO: Поиск дат и подсчет суммы
2025-04-18 14:17:22,164: reports.py: INFO: Создан отчет для категории 'Переводы': 504521.80000000005
2025-04-18 14:17:22,165: reports.py: INFO: Поиск дат и подсчет суммы
2025-04-18 14:17:22,165: reports.py: INFO: Создан отчет для категории 'Переводы': 504521.80000000005
2025-04-18 14:17:22,168: reports.py: INFO: Поиск дат и подсчет суммы
2025-04-18 14:17:22,168: reports.py: INFO: Создан отчет для категории 'Переводы': 504521.80000000005
2025-04-18 14:17:22,170: reports.py: INFO: Поиск дат и подсчет суммы
2025-04-18 14:17:22,170: reports.py: INFO: Создан отчет для категории 'Переводы': 504521.80000000005
2025-04-18 14:17:22,172: reports.py: INFO: Поиск дат и подсчет суммы
2025-04-18 14:17:22,172: reports.py: INFO: Создан отчет для категории 'Переводы': 504521.80000000005
2025-04-18 14:17:22,174: reports.py: INFO: Поиск дат и подсчет суммы
2025-04-18 14:17:22,174: reports.py: INFO: Создан отчет для категории 'Переводы': 504521.80000000005
2025-04-18 14:17:22,175: reports.py: INFO: Поиск дат и подсчет суммы
2025-04-18 14:17:22,175: reports.py: INFO: Создан отчет для категории 'Переводы': 504521.80000000005
2025-04-18 14:17:22,177: reports.py: INFO: Поиск дат и подсчет суммы
2025-04-18 14:17:22,177: reports.py: INFO: Создан отчет для категории 'Переводы': 504521.80000000005
2025-04-18 14:17:22,180: reports.py: INFO: Поиск дат и подсчет суммы
2025-04-18 14:17:22,180: reports.py: INFO: Создан отчет для категории 'Переводы': 504521.80000000005
2025-04-18 14:17:22,192: reports.py: INFO: Поиск дат и подсчет суммы
2025-04-18 14:17:22,192: reports.py: INFO: Создан отчет для категории 'Переводы': 504521.80000000005
2025-04-18 14:17:22,194: reports.py: INFO: Поиск дат и подсчет суммы
2025-04-18 14:17:22,194: reports.py: INFO: Создан отчет для категории 'Переводы': 504521.80000000005
2025-04-18 14:17:22,195: reports.py: INFO: Поиск дат и подсчет суммы
2025-04-18 14:17:22,196: reports.py: INFO: Создан отчет для категории 'Переводы': 504521.80000000005
2025-04-18 14:17:22,197: reports.py: INFO: Поиск дат и подсчет суммы
2025-04-18 14:17:22,197: reports.py: INFO: Создан отчет для категории 'Переводы': 504521.80000000005
2025-04-18 14:17:22,210: reports.py: INFO: Поиск дат и подсчет суммы
2025-04-18 14:17:22,210: reports.py: INFO: Создан отчет для категории 'Переводы': 504521.80000000005
2025-04-18 14:17:22,211: reports.py: INFO: Поиск дат и подсчет суммы
2025-04-18 14:17:22,211: reports.py: INFO: Создан отчет для категории 'Переводы': 504521.80000000005
2025-04-18 14:17:22,213: reports.py: INFO: Поиск дат и подсчет суммы
2025-04-18 14:17:22,213: reports.py: INFO: Создан отчет для категории 'Переводы': 504521.80000000005
2025-04-18 14:17:22,215: reports.py: INFO: Поиск дат и подсчет суммы
2025-04-18 14:17:22,215: reports.py: INFO: Создан отчет для категории 'Переводы': 504521.80000000005
2025-04-18 14:17:22,216: reports.py: INFO: Поиск дат и подсчет суммы
2025-04-18 14:17:22,216: reports.py: INFO: Создан отчет для категории 'Переводы': 504521.80000000005
2025-04-18 14:17:22,218: reports.py: INFO: Поиск дат и подсчет суммы
2025-04-18 14:17:22,218: reports.py: INFO: Создан отчет для категории 'Переводы': 504521.80000000005
2025-04-18 14:17:22,221: reports.py: INFO: Поиск дат и подсчет суммы
2025-04-18 14:17:22,221: reports.py: INFO: Создан отчет для категории 'Переводы': 504521.80000000005
2025-04-18 14:17:22,227: reports.py: INFO: Поиск дат и подсчет суммы
2025-04-18 14:17:22,227: reports.py: INFO: Создан отчет для категории 'Переводы': 504521.80000000005
2025-04-18 14:17:22,229: reports.py: INFO: Поиск дат и подсчет суммы
2025-04-18 14:17:22,230: reports.py: INFO: Создан отчет для категории 'Переводы': 504521.80000000005
2025-04-18 14:17:22,233: reports.py: INFO: Поиск дат и подсчет суммы
2025-04-18 14:17:22,233: reports.py: INFO: Создан отчет для категории 'Переводы': 504521.80000000005
2025-04-18 14:17:22,238: reports.py: INFO: Поиск дат и подсчет суммы
2025-04-18 14:17:22,238: reports.py: INFO: Создан отчет для категории 'Переводы': 504521.80000000005
2025-04-18 14:17:22,239: reports.py: INFO: Поиск дат и подсчет суммы
2025-04-18 14:17:22,239: reports.py: INFO: Создан отчет для категории 'Переводы': 504521.80000000005
2025-04-18 14:17:22,241: reports.py: INFO: Поиск дат и подсчет суммы
2025-04-18 14:17:22,241: reports.py: INFO: Создан отчет для категории 'Переводы': 504521.80000000005
2025-04-18 14:17:22,247: reports.py: INFO: Поиск дат и подсчет суммы
2025-04-18 14:17:22,247: reports.py: INFO: Создан отчет для категории 'Переводы': 504521.80000000005
2025-04-18 14:17:22,253: reports.py: INFO: Поиск дат и подсчет суммы
2025-04-18 14:17:22,253: reports.py: INFO: Создан отчет для категории 'Переводы': 504521.80000000005
2025-04-18 14:17:22,257: reports.py: INFO: Поиск дат и подсчет суммы
2025-04-18 14:17:22,257: reports.py: INFO: Создан отчет для категории 'Переводы': 504521.80000000005
2025-04-18 14:17:22,258: reports.py: INFO: Поиск дат и подсчет суммы
2025-04-18 14:17:22,258: reports.py: INFO: Создан отчет для категории 'Переводы': 504521.80000000005
2025-04-18 14:17:22,264: reports.py: INFO: Поиск дат и подсчет суммы
2025-04-18 14:17:22,264: reports.py: INFO: Создан отчет для категории 'Переводы': 504521.80000000005
2025-04-18 14:17:22,266: reports.py: INFO: Поиск дат и подсчет суммы
2025-04-18 14:17:22,267: reports.py: INFO: Создан отчет для категории 'Переводы': 504521.80000000005
2025-04-18 14:17:22,268: reports.py: INFO: Поиск дат и подсчет суммы
2025-04-18 14:17:22,268: reports.py: INFO: Создан отчет для категории 'Переводы': 504521.80000000005
2025-04-18 14:17:22,272: reports.py: INFO: Поиск дат и подсчет суммы
2025-04-18 14:17:22,272: reports.py: INFO: Создан отчет для категории 'Переводы': 504521.80000000005
2025-04-18 14:17:22,274: reports.py: INFO: Поиск дат и подсчет суммы
2025-04-18 14:17:22,274: reports.py: INFO: Создан отчет для категории 'Переводы': 504521.80000000005
2025-04-18 14:17:22,277: reports.py: INFO: Поиск дат и подсчет суммы
2025-04-18 14:17:22,277: reports.py: INFO: Создан отчет для категории 'Переводы': 504521.80000000005
2025-04-18 14:17:22,279: reports.py: INFO: Поиск дат и подсчет суммы
2025-04-18 14:17:22,279: reports.py: INFO: Создан отчет для категории 'Переводы': 504521.80000000005
2025-04-18 14:17:22,280: reports.py: INFO: Поиск дат и подсчет суммы
2025-04-18 14:17:22,280: reports.py: INFO: Создан отчет для категории 'Переводы': 504521.80000000005
2025-04-18 14:17:22,282: reports.py: INFO: Поиск дат и подсчет суммы
2025-04-18 14:17:22,282: reports.py: INFO: Создан отчет для категории 'Переводы': 504521.80000000005
2025-04-18 14:17:22,284: reports.py: INFO: Поиск дат и подсчет суммы
2025-04-18 14:17:22,284: reports.py: INFO: Создан отчет для категории 'Переводы': 504521.80000000005
2025-04-18 14:17:22,285: reports.py: INFO: Поиск дат и подсчет суммы
2025-04-18 14:17:22,285: reports.py: INFO: Создан отчет для категории 'Переводы': 504521.80000000005
2025-04-18 14:17:22,287: reports.py: INFO: Поиск дат и подсчет суммы
2025-04-18 14:17:22,287: reports.py: INFO: Создан отчет для категории 'Переводы': 504521.80000000005
2025-04-18 14:17:22,294: reports.py: INFO: Поиск дат и подсчет суммы
2025-04-18 14:17:22,294: reports.py: INFO: Создан отчет для категории 'Переводы': 504521.80000000005
2025-04-18 14:17:22,296: reports.py: INFO: Поиск дат и подсчет суммы
2025-04-18 14:17:22,296: reports.py: INFO: Создан отчет для категории 'Переводы': 504521.80000000005
2025-04-18 14:17:22,298: reports.py: INFO: Поиск дат и подсчет суммы
2025-04-18 14:17:22,298: reports.py: INFO: Создан отчет для категории 'Переводы': 504521.80000000005
2025-04-18 14:17:22,302: reports.py: INFO: Поиск дат и подсчет суммы
2025-04-18 14:17:22,302: reports.py: INFO: Создан отчет для категории 'Переводы': 504521.80000000005
2025-04-18 14:17:22,304: reports.py: INFO: Поиск дат и подсчет суммы
2025-04-18 14:17:22,305: reports.py: INFO: Создан отчет для категории 'Переводы': 504521.80000000005
2025-04-18 14:17:22,306: reports.py: INFO: Поиск дат и подсчет суммы
2025-04-18 14:17:22,307: reports.py: INFO: Создан отчет для категории 'Переводы': 504521.80000000005
2025-04-18 14:17:22,308: reports.py: INFO: Поиск дат и подсчет суммы
2025-04-18 14:17:22,308: reports.py: INFO: Создан отчет для категории 'Переводы': 504521.80000000005
2025-04-18 14:17:22,310: reports.py: INFO: Поиск дат и подсчет суммы
2025-04-18 14:17:22,310: reports.py: INFO: Создан отчет для категории 'Переводы': 504521.80000000005
2025-04-18 14:17:22,312: reports.py: INFO: Поиск дат и подсчет суммы
2025-04-18 14:17:22,312: reports.py: INFO: Создан отчет для категории 'Переводы': 504521.80000000005
2025-04-18 14:17:22,317: reports.py: INFO: Поиск дат и подсчет суммы
2025-04-18 14:17:22,317: reports.py: INFO: Создан отчет для категории 'Переводы': 504521.80000000005
2025-04-18 14:17:22,318: reports.py: INFO: Поиск дат и подсчет суммы
2025-04-18 14:17:22,318: reports.py: INFO: Создан отчет для категории 'Переводы': 504521.80000000005
2025-04-18 14:17:22,326: reports.py: INFO: Поиск дат и подсчет суммы
2025-04-18 14:17:22,326: reports.py: INFO: Создан отчет для категории 'Переводы': 504521.80000000005
2025-04-18 14:17:22,330: reports.py: INFO: Поиск дат и подсчет суммы
2025-04-18 14:17:22,330: reports.py: INFO: Создан отчет для категории 'Переводы': 504521.80000000005
2025-04-18 14:17:22,333: reports.py: INFO: Поиск дат и подсчет суммы
2025-04-18 14:17:22,333: reports.py: INFO: Создан отчет для категории 'Переводы': 504521.80000000005
2025-04-18 14:17:22,335: reports.py: INFO: Поиск дат и подсчет суммы
2025-04-18 14:17:22,335: reports.py: INFO: Создан отчет для категории 'Переводы': 504521.80000000005
2025-04-18 14:17:22,340: reports.py: INFO: Поиск дат и подсчет суммы
2025-04-18 14:17:22,340: reports.py: INFO: Создан отчет для категории 'Переводы': 504521.80000000005
2025-04-18 14:17:22,342: reports.py: INFO: Поиск дат и подсчет суммы
2025-04-18 14:17:22,343: reports.py: INFO: Создан отчет для категории 'Переводы': 504521.80000000005
2025-04-18 14:17:22,345: reports.py: INFO: Поиск дат и подсчет суммы
2025-04-18 14:17:22,345: reports.py: INFO: Создан отчет для категории 'Переводы': 504521.80000000005
2025-04-18 14:17:22,346: reports.py: INFO: Поиск дат и подсчет суммы
2025-04-18 14:17:22,346: reports.py: INFO: Создан отчет для категории 'Переводы': 504521.80000000005
2025-04-18 14:17:22,348: reports.py: INFO: Поиск дат и подсчет суммы
2025-04-18 14:17:22,348: reports.py: INFO: Создан отчет для категории 'Переводы': 504521.80000000005
2025-04-18 14:17:22,352: reports.py: INFO: Поиск дат и подсчет суммы
2025-04-18 14:17:22,352: reports.py: INFO: Создан отчет для категории 'Переводы': 504521.80000000005
2025-04-18 14:17:22,355: reports.py: INFO: Поиск дат и подсчет суммы
2025-04-18 14:17:22,355: reports.py: INFO: Создан отчет для категории 'Переводы': 504521.80000000005
2025-04-18 14:17:22,356: reports.py: INFO: Поиск дат и подсчет суммы
2025-04-18 14:17:22,357: reports.py: INFO: Создан отчет для категории 'Переводы': 504521.80000000005
2025-04-18 14:17:22,359: reports.py: INFO: Поиск дат и подсчет суммы
2025-04-18 14:17:22,359: reports.py: INFO: Создан отчет для категории 'Переводы': 504521.80000000005
2025-04-18 14:17:22,361: reports.py: INFO: Поиск дат и подсчет суммы
2025-04-18 14:17:22,361: reports.py: INFO: Создан отчет для категории 'Переводы': 504521.80000000005
2025-04-18 14:17:22,365: reports.py: INFO: Поиск дат и подсчет суммы
2025-04-18 14:17:22,365: reports.py: INFO: Создан отчет для категории 'Переводы': 504521.80000000005
2025-04-18 14:17:22,367: reports.py: INFO: Поиск дат и подсчет суммы
2025-04-18 14:17:22,367: reports.py: INFO: Создан отчет для категории 'Переводы': 504521.80000000005
2025-04-18 14:17:22,371: reports.py: INFO: Поиск дат и подсчет суммы
2025-04-18 14:17:22,371: reports.py: INFO: Создан отчет для категории 'Переводы': 504521.80000000005
2025-04-18 14:17:22,374: reports.py: INFO: Поиск дат и подсчет суммы
2025-04-18 14:17:22,374: reports.py: INFO: Создан отчет для категории 'Переводы': 504521.80000000005
2025-04-18 14:17:22,376: reports.py: INFO: Поиск дат и подсчет суммы
2025-04-18 14:17:22,376: reports.py: INFO: Создан отчет для категории 'Переводы': 504521.80000000005
2025-04-18 14:17:22,378: reports.py: INFO: Поиск дат и подсчет суммы
2025-04-18 14:17:22,378: reports.py: INFO: Создан отчет для категории 'Переводы': 504521.80000000005
2025-04-18 14:17:22,380: reports.py: INFO: Поиск дат и подсчет суммы
2025-04-18 14:17:22,380: reports.py: INFO: Создан отчет для категории 'Переводы': 504521.80000000005
2025-04-18 14:17:22,381: reports.py: INFO: Поиск дат и подсчет суммы
2025-04-18 14:17:22,381: reports.py: INFO: Создан отчет для категории 'Переводы': 504521.80000000005
2025-04-18 14:17:22,383: reports.py: INFO: Поиск дат и подсчет суммы
2025-04-18 14:17:22,383: reports.py: INFO: Создан отчет для категории 'Переводы': 504521.80000000005
2025-04-18 14:17:22,388: reports.py: INFO: Поиск дат и подсчет суммы
2025-04-18 14:17:22,388: reports.py: INFO: Создан отчет для категории 'Переводы': 504521.80000000005
2025-04-18 14:17:22,394: reports.py: INFO: Поиск дат и подсчет суммы
2025-04-18 14:17:22,394: reports.py: INFO: Создан отчет для категории 'Переводы': 504521.80000000005
2025-04-18 14:17:22,395: reports.py: INFO: Поиск дат и подсчет суммы
2025-04-18 14:17:22,395: reports.py: INFO: Создан отчет для категории 'Переводы': 504521.80000000005
2025-04-18 14:17:22,397: reports.py: INFO: Поиск дат и подсчет суммы
2025-04-18 14:17:22,397: reports.py: INFO: Создан отчет для категории 'Переводы': 504521.80000000005
2025-04-18 14:17:22,398: reports.py: INFO: Поиск дат и подсчет суммы
2025-04-18 14:17:22,398: reports.py: INFO: Создан отчет для категории 'Переводы': 504521.80000000005
2025-04-18 14:17:22,400: reports.py: INFO: Поиск дат и подсчет суммы
2025-04-18 14:17:22,400: reports.py: INFO: Создан отчет для категории 'Переводы': 504521.80000000005
2025-04-18 14:17:22,404: reports.py: INFO: Поиск дат и подсчет суммы
2025-04-18 14:17:22,404: reports.py: INFO: Создан отчет для категории 'Переводы': 504521.80000000005
2025-04-18 14:17:22,408: reports.py: INFO: Поиск дат и подсчет суммы
2025-04-18 14:17:22,408: reports.py: INFO: Создан отчет для категории 'Переводы': 504521.80000000005
2025-04-18 14:17:22,408: reports.py: INFO: Проверка: являются ли данные датафреймом
2025-04-18 14:17:22,408: reports.py: INFO: Запись отчёта в файл
